Build started 11/28/2014 5:36:04 PM.
     1>Project "D:\DE LA SALLE UNIVERSITY\Work\Programming\Seight\Seight\Seight\Seight.vcxproj" on node 2 (Build target(s)).
     1>ClCompile:
         E:\CINEMA\Installer\VC\bin\CL.exe /c /IE:\Installer\opencv\build\include /ZI /nologo /W3 /WX- /sdl /Od /Oy- /D WIN32 /D _DEBUG /D _CONSOLE /D _LIB /D _UNICODE /D UNICODE /Gm /EHsc /RTC1 /MDd /GS /fp:precise /Zc:wchar_t /Zc:forScope /Yu"stdafx.h" /Fp"Debug\Seight.pch" /Fo"Debug\\" /Fd"Debug\vc120.pdb" /Gd /TP /analyze- /errorReport:prompt HSVSegment.cpp
         HSVSegment.cpp
       Link:
         E:\CINEMA\Installer\VC\bin\link.exe /ERRORREPORT:PROMPT /OUT:"D:\DE LA SALLE UNIVERSITY\Work\Programming\Seight\Seight\Debug\Seight.exe" /INCREMENTAL /NOLOGO /LIBPATH:E:\Installer\opencv\build\x86\vc12\lib opencv_calib3d249d.lib opencv_contrib249d.lib opencv_core249d.lib opencv_features2d249d.lib opencv_flann249d.lib opencv_gpu249d.lib opencv_highgui249d.lib opencv_imgproc249d.lib opencv_legacy249d.lib opencv_ml249d.lib opencv_nonfree249d.lib opencv_objdetect249d.lib opencv_ocl249d.lib opencv_photo249d.lib opencv_stitching249d.lib opencv_superres249d.lib opencv_ts249d.lib opencv_video249d.lib opencv_videostab249d.lib kernel32.lib user32.lib gdi32.lib winspool.lib comdlg32.lib advapi32.lib shell32.lib ole32.lib oleaut32.lib uuid.lib odbc32.lib odbccp32.lib /MANIFEST /MANIFESTUAC:"level='asInvoker' uiAccess='false'" /manifest:embed /DEBUG /PDB:"D:\DE LA SALLE UNIVERSITY\Work\Programming\Seight\Seight\Debug\Seight.pdb" /SUBSYSTEM:CONSOLE /TLBID:1 /DYNAMICBASE /NXCOMPAT /IMPLIB:"D:\DE LA SALLE UNIVERSITY\Work\Programming\Seight\Seight\Debug\Seight.lib" /MACHINE:X86 Debug\defaultEdgeDetect.obj
         Debug\defaultFilter.obj
         Debug\defaultPerspectiveCorrect.obj
         Debug\defaultSegment.obj
         Debug\defaultSkeletonize.obj
         Debug\HSVSegment.obj
         Debug\IEdgeDetect.obj
         Debug\IFilter.obj
         Debug\Image.obj
         Debug\IPerspectiveCorrect.obj
         Debug\IPlantStructure.obj
         Debug\ISegment.obj
         Debug\ISkeletonize.obj
         Debug\PhenotypicData.obj
         Debug\Plant.obj
         Debug\PlantModeler.obj
         Debug\PlantPhenotyper.obj
         Debug\PlantStructure.obj
         Debug\Seight.obj
         Debug\PlantDAO.obj
         Debug\SobelEdgeDetect.obj
         Debug\SQLPlantDAO.obj
         Debug\stdafx.obj
         Debug\TillerCount.obj
         Seight.vcxproj -> D:\DE LA SALLE UNIVERSITY\Work\Programming\Seight\Seight\Debug\Seight.exe
     1>Done Building Project "D:\DE LA SALLE UNIVERSITY\Work\Programming\Seight\Seight\Seight\Seight.vcxproj" (Build target(s)).

Build succeeded.

Time Elapsed 00:00:02.43
